CRITICAL - 2023-04-26 07:06:50 --> Call to undefined method App\Models\VehicleModel::leftJoin
in SYSTEMPATH\Model.php on line 842.
 1 APPPATH\Controllers\DriverAuthController.php(945): CodeIgniter\Model->__call('leftJoin', [...])
 2 SYSTEMPATH\CodeIgniter.php(934): App\Controllers\DriverAuthController->getAllVehicleModel('1')
 3 SYSTEMPATH\CodeIgniter.php(499): CodeIgniter\CodeIgniter->runController(Object(App\Controllers\DriverAuthController))
 4 SYSTEMPATH\CodeIgniter.php(368): CodeIgniter\CodeIgniter->handleRequest(null, Object(Config\Cache), false)
 5 FCPATH\index.php(67): CodeIgniter\CodeIgniter->run()
 6 SYSTEMPATH\Commands\Server\rewrite.php(47): require_once('D:\\xampp\\htdocs\\your-price-cab-backend\\ycab\\ylocab4\\public\\index.php')
ERROR - 2023-04-26 07:06:59 --> mysqli_sql_exception: Column 'status' in where clause is ambiguous in D:\xampp\htdocs\your-price-cab-backend\ycab\ylocab4\system\Database\MySQLi\Connection.php:295
Stack trace:
#0 D:\xampp\htdocs\your-price-cab-backend\ycab\ylocab4\system\Database\MySQLi\Connection.php(295): mysqli->query('SELECT *\nFROM `...', 0)
#1 D:\xampp\htdocs\your-price-cab-backend\ycab\ylocab4\system\Database\BaseConnection.php(691): CodeIgniter\Database\MySQLi\Connection->execute('SELECT *\nFROM `...')
#2 D:\xampp\htdocs\your-price-cab-backend\ycab\ylocab4\system\Database\BaseConnection.php(605): CodeIgniter\Database\BaseConnection->simpleQuery('SELECT *\nFROM `...')
#3 D:\xampp\htdocs\your-price-cab-backend\ycab\ylocab4\system\Database\BaseBuilder.php(1616): CodeIgniter\Database\BaseConnection->query('SELECT *\nFROM `...', Array, false)
#4 D:\xampp\htdocs\your-price-cab-backend\ycab\ylocab4\system\Model.php(241): CodeIgniter\Database\BaseBuilder->get()
#5 D:\xampp\htdocs\your-price-cab-backend\ycab\ylocab4\system\BaseModel.php(618): CodeIgniter\Model->doFindAll(0, 0)
#6 D:\xampp\htdocs\your-price-cab-backend\ycab\ylocab4\app\Controllers\DriverAuthController.php(945): CodeIgniter\BaseModel->findAll()
#7 D:\xampp\htdocs\your-price-cab-backend\ycab\ylocab4\system\CodeIgniter.php(934): App\Controllers\DriverAuthController->getAllVehicleModel('1')
#8 D:\xampp\htdocs\your-price-cab-backend\ycab\ylocab4\system\CodeIgniter.php(499): CodeIgniter\CodeIgniter->runController(Object(App\Controllers\DriverAuthController))
#9 D:\xampp\htdocs\your-price-cab-backend\ycab\ylocab4\system\CodeIgniter.php(368): CodeIgniter\CodeIgniter->handleRequest(NULL, Object(Config\Cache), false)
#10 D:\xampp\htdocs\your-price-cab-backend\ycab\ylocab4\public\index.php(67): CodeIgniter\CodeIgniter->run()
#11 D:\xampp\htdocs\your-price-cab-backend\ycab\ylocab4\system\Commands\Server\rewrite.php(47): require_once('D:\\xampp\\htdocs...')
#12 {main}
CRITICAL - 2023-04-26 07:06:59 --> Column 'status' in where clause is ambiguous
in SYSTEMPATH\Database\MySQLi\Connection.php on line 295.
 1 SYSTEMPATH\Database\MySQLi\Connection.php(295): mysqli->query('SELECT *
FROM `ypc_vehiclemodel_master`
LEFT JOIN `ypc_vehiclebrand_master` ON `ypc_vehiclebrand_master`.`id` = `ypc_vehiclemodel_master`.`branc_id`
WHERE `ypc_vehiclemodel_master`.`branc_id` = \'1\'
AND `status` = 1', 0)
 2 SYSTEMPATH\Database\BaseConnection.php(691): CodeIgniter\Database\MySQLi\Connection->execute('SELECT *
FROM `ypc_vehiclemodel_master`
LEFT JOIN `ypc_vehiclebrand_master` ON `ypc_vehiclebrand_master`.`id` = `ypc_vehiclemodel_master`.`branc_id`
WHERE `ypc_vehiclemodel_master`.`branc_id` = \'1\'
AND `status` = 1')
 3 SYSTEMPATH\Database\BaseConnection.php(605): CodeIgniter\Database\BaseConnection->simpleQuery('SELECT *
FROM `ypc_vehiclemodel_master`
LEFT JOIN `ypc_vehiclebrand_master` ON `ypc_vehiclebrand_master`.`id` = `ypc_vehiclemodel_master`.`branc_id`
WHERE `ypc_vehiclemodel_master`.`branc_id` = \'1\'
AND `status` = 1')
 4 SYSTEMPATH\Database\BaseBuilder.php(1616): CodeIgniter\Database\BaseConnection->query('SELECT *
FROM `ypc_vehiclemodel_master`
LEFT JOIN `ypc_vehiclebrand_master` ON `ypc_vehiclebrand_master`.`id` = `ypc_vehiclemodel_master`.`branc_id`
WHERE `ypc_vehiclemodel_master`.`branc_id` = :ypc_vehiclemodel_master.branc_id:
AND `status` = :status:', [...], false)
 5 SYSTEMPATH\Model.php(241): CodeIgniter\Database\BaseBuilder->get()
 6 SYSTEMPATH\BaseModel.php(618): CodeIgniter\Model->doFindAll(0, 0)
 7 APPPATH\Controllers\DriverAuthController.php(945): CodeIgniter\BaseModel->findAll()
 8 SYSTEMPATH\CodeIgniter.php(934): App\Controllers\DriverAuthController->getAllVehicleModel('1')
 9 SYSTEMPATH\CodeIgniter.php(499): CodeIgniter\CodeIgniter->runController(Object(App\Controllers\DriverAuthController))
10 SYSTEMPATH\CodeIgniter.php(368): CodeIgniter\CodeIgniter->handleRequest(null, Object(Config\Cache), false)
11 FCPATH\index.php(67): CodeIgniter\CodeIgniter->run()
12 SYSTEMPATH\Commands\Server\rewrite.php(47): require_once('D:\\xampp\\htdocs\\your-price-cab-backend\\ycab\\ylocab4\\public\\index.php')
CRITICAL - 2023-04-26 07:07:38 --> Call to undefined method CodeIgniter\Database\MySQLi\Result::toArray()
in APPPATH\Controllers\DriverAuthController.php on line 947.
 1 SYSTEMPATH\CodeIgniter.php(934): App\Controllers\DriverAuthController->getAllVehicleModel('1')
 2 SYSTEMPATH\CodeIgniter.php(499): CodeIgniter\CodeIgniter->runController(Object(App\Controllers\DriverAuthController))
 3 SYSTEMPATH\CodeIgniter.php(368): CodeIgniter\CodeIgniter->handleRequest(null, Object(Config\Cache), false)
 4 FCPATH\index.php(67): CodeIgniter\CodeIgniter->run()
 5 SYSTEMPATH\Commands\Server\rewrite.php(47): require_once('D:\\xampp\\htdocs\\your-price-cab-backend\\ycab\\ylocab4\\public\\index.php')
CRITICAL - 2023-04-26 13:30:58 --> Undefined variable $db
in APPPATH\Controllers\DriverAuthController.php on line 945.
 1 APPPATH\Controllers\DriverAuthController.php(945): CodeIgniter\Debug\Exceptions->errorHandler(2, 'Undefined variable $db', 'D:\\xampp\\htdocs\\your-price-cab-backend\\ycab\\ylocab4\\app\\Controllers\\DriverAuthController.php', 945)
 2 SYSTEMPATH\CodeIgniter.php(934): App\Controllers\DriverAuthController->getAllVehicleModel('2')
 3 SYSTEMPATH\CodeIgniter.php(499): CodeIgniter\CodeIgniter->runController(Object(App\Controllers\DriverAuthController))
 4 SYSTEMPATH\CodeIgniter.php(368): CodeIgniter\CodeIgniter->handleRequest(null, Object(Config\Cache), false)
 5 FCPATH\index.php(67): CodeIgniter\CodeIgniter->run()
 6 SYSTEMPATH\Commands\Server\rewrite.php(47): require_once('D:\\xampp\\htdocs\\your-price-cab-backend\\ycab\\ylocab4\\public\\index.php')
ERROR - 2023-04-26 13:43:35 --> mysqli_sql_exception: Not unique table/alias: 'ypc_vehiclebrand_master' in D:\xampp\htdocs\your-price-cab-backend\ycab\ylocab4\system\Database\MySQLi\Connection.php:295
Stack trace:
#0 D:\xampp\htdocs\your-price-cab-backend\ycab\ylocab4\system\Database\MySQLi\Connection.php(295): mysqli->query('SELECT *\nFROM `...', 0)
#1 D:\xampp\htdocs\your-price-cab-backend\ycab\ylocab4\system\Database\BaseConnection.php(691): CodeIgniter\Database\MySQLi\Connection->execute('SELECT *\nFROM `...')
#2 D:\xampp\htdocs\your-price-cab-backend\ycab\ylocab4\system\Database\BaseConnection.php(605): CodeIgniter\Database\BaseConnection->simpleQuery('SELECT *\nFROM `...')
#3 D:\xampp\htdocs\your-price-cab-backend\ycab\ylocab4\system\Database\BaseBuilder.php(1616): CodeIgniter\Database\BaseConnection->query('SELECT *\nFROM `...', Array, false)
#4 D:\xampp\htdocs\your-price-cab-backend\ycab\ylocab4\app\Controllers\DriverAuthController.php(950): CodeIgniter\Database\BaseBuilder->get()
#5 D:\xampp\htdocs\your-price-cab-backend\ycab\ylocab4\system\CodeIgniter.php(934): App\Controllers\DriverAuthController->getAllVehicleModel('2')
#6 D:\xampp\htdocs\your-price-cab-backend\ycab\ylocab4\system\CodeIgniter.php(499): CodeIgniter\CodeIgniter->runController(Object(App\Controllers\DriverAuthController))
#7 D:\xampp\htdocs\your-price-cab-backend\ycab\ylocab4\system\CodeIgniter.php(368): CodeIgniter\CodeIgniter->handleRequest(NULL, Object(Config\Cache), false)
#8 D:\xampp\htdocs\your-price-cab-backend\ycab\ylocab4\public\index.php(67): CodeIgniter\CodeIgniter->run()
#9 D:\xampp\htdocs\your-price-cab-backend\ycab\ylocab4\system\Commands\Server\rewrite.php(47): require_once('D:\\xampp\\htdocs...')
#10 {main}
CRITICAL - 2023-04-26 13:43:35 --> Not unique table/alias: 'ypc_vehiclebrand_master'
in SYSTEMPATH\Database\MySQLi\Connection.php on line 295.
 1 SYSTEMPATH\Database\MySQLi\Connection.php(295): mysqli->query('SELECT *
FROM `ypc_vehiclebrand_master`
JOIN `ypc_vehiclebrand_master` ON `ypc_vehiclebrand_master`.`id` = `ypc_vehiclemodel_master`.`branc_id`', 0)
 2 SYSTEMPATH\Database\BaseConnection.php(691): CodeIgniter\Database\MySQLi\Connection->execute('SELECT *
FROM `ypc_vehiclebrand_master`
JOIN `ypc_vehiclebrand_master` ON `ypc_vehiclebrand_master`.`id` = `ypc_vehiclemodel_master`.`branc_id`')
 3 SYSTEMPATH\Database\BaseConnection.php(605): CodeIgniter\Database\BaseConnection->simpleQuery('SELECT *
FROM `ypc_vehiclebrand_master`
JOIN `ypc_vehiclebrand_master` ON `ypc_vehiclebrand_master`.`id` = `ypc_vehiclemodel_master`.`branc_id`')
 4 SYSTEMPATH\Database\BaseBuilder.php(1616): CodeIgniter\Database\BaseConnection->query('SELECT *
FROM `ypc_vehiclebrand_master`
JOIN `ypc_vehiclebrand_master` ON `ypc_vehiclebrand_master`.`id` = `ypc_vehiclemodel_master`.`branc_id`', [], false)
 5 APPPATH\Controllers\DriverAuthController.php(950): CodeIgniter\Database\BaseBuilder->get()
 6 SYSTEMPATH\CodeIgniter.php(934): App\Controllers\DriverAuthController->getAllVehicleModel('2')
 7 SYSTEMPATH\CodeIgniter.php(499): CodeIgniter\CodeIgniter->runController(Object(App\Controllers\DriverAuthController))
 8 SYSTEMPATH\CodeIgniter.php(368): CodeIgniter\CodeIgniter->handleRequest(null, Object(Config\Cache), false)
 9 FCPATH\index.php(67): CodeIgniter\CodeIgniter->run()
10 SYSTEMPATH\Commands\Server\rewrite.php(47): require_once('D:\\xampp\\htdocs\\your-price-cab-backend\\ycab\\ylocab4\\public\\index.php')
ERROR - 2023-04-26 13:44:19 --> mysqli_sql_exception: Not unique table/alias: 'ypc_vehiclebrand_master' in D:\xampp\htdocs\your-price-cab-backend\ycab\ylocab4\system\Database\MySQLi\Connection.php:295
Stack trace:
#0 D:\xampp\htdocs\your-price-cab-backend\ycab\ylocab4\system\Database\MySQLi\Connection.php(295): mysqli->query('SELECT `ypc_veh...', 0)
#1 D:\xampp\htdocs\your-price-cab-backend\ycab\ylocab4\system\Database\BaseConnection.php(691): CodeIgniter\Database\MySQLi\Connection->execute('SELECT `ypc_veh...')
#2 D:\xampp\htdocs\your-price-cab-backend\ycab\ylocab4\system\Database\BaseConnection.php(605): CodeIgniter\Database\BaseConnection->simpleQuery('SELECT `ypc_veh...')
#3 D:\xampp\htdocs\your-price-cab-backend\ycab\ylocab4\system\Database\BaseBuilder.php(1616): CodeIgniter\Database\BaseConnection->query('SELECT `ypc_veh...', Array, false)
#4 D:\xampp\htdocs\your-price-cab-backend\ycab\ylocab4\app\Controllers\DriverAuthController.php(950): CodeIgniter\Database\BaseBuilder->get()
#5 D:\xampp\htdocs\your-price-cab-backend\ycab\ylocab4\system\CodeIgniter.php(934): App\Controllers\DriverAuthController->getAllVehicleModel('2')
#6 D:\xampp\htdocs\your-price-cab-backend\ycab\ylocab4\system\CodeIgniter.php(499): CodeIgniter\CodeIgniter->runController(Object(App\Controllers\DriverAuthController))
#7 D:\xampp\htdocs\your-price-cab-backend\ycab\ylocab4\system\CodeIgniter.php(368): CodeIgniter\CodeIgniter->handleRequest(NULL, Object(Config\Cache), false)
#8 D:\xampp\htdocs\your-price-cab-backend\ycab\ylocab4\public\index.php(67): CodeIgniter\CodeIgniter->run()
#9 D:\xampp\htdocs\your-price-cab-backend\ycab\ylocab4\system\Commands\Server\rewrite.php(47): require_once('D:\\xampp\\htdocs...')
#10 {main}
CRITICAL - 2023-04-26 13:44:19 --> Not unique table/alias: 'ypc_vehiclebrand_master'
in SYSTEMPATH\Database\MySQLi\Connection.php on line 295.
 1 SYSTEMPATH\Database\MySQLi\Connection.php(295): mysqli->query('SELECT `ypc_vehiclebrand_master`.`id` as `vmid`
FROM `ypc_vehiclebrand_master`
JOIN `ypc_vehiclebrand_master` ON `ypc_vehiclebrand_master`.`id` = `ypc_vehiclemodel_master`.`branc_id`', 0)
 2 SYSTEMPATH\Database\BaseConnection.php(691): CodeIgniter\Database\MySQLi\Connection->execute('SELECT `ypc_vehiclebrand_master`.`id` as `vmid`
FROM `ypc_vehiclebrand_master`
JOIN `ypc_vehiclebrand_master` ON `ypc_vehiclebrand_master`.`id` = `ypc_vehiclemodel_master`.`branc_id`')
 3 SYSTEMPATH\Database\BaseConnection.php(605): CodeIgniter\Database\BaseConnection->simpleQuery('SELECT `ypc_vehiclebrand_master`.`id` as `vmid`
FROM `ypc_vehiclebrand_master`
JOIN `ypc_vehiclebrand_master` ON `ypc_vehiclebrand_master`.`id` = `ypc_vehiclemodel_master`.`branc_id`')
 4 SYSTEMPATH\Database\BaseBuilder.php(1616): CodeIgniter\Database\BaseConnection->query('SELECT `ypc_vehiclebrand_master`.`id` as `vmid`
FROM `ypc_vehiclebrand_master`
JOIN `ypc_vehiclebrand_master` ON `ypc_vehiclebrand_master`.`id` = `ypc_vehiclemodel_master`.`branc_id`', [], false)
 5 APPPATH\Controllers\DriverAuthController.php(950): CodeIgniter\Database\BaseBuilder->get()
 6 SYSTEMPATH\CodeIgniter.php(934): App\Controllers\DriverAuthController->getAllVehicleModel('2')
 7 SYSTEMPATH\CodeIgniter.php(499): CodeIgniter\CodeIgniter->runController(Object(App\Controllers\DriverAuthController))
 8 SYSTEMPATH\CodeIgniter.php(368): CodeIgniter\CodeIgniter->handleRequest(null, Object(Config\Cache), false)
 9 FCPATH\index.php(67): CodeIgniter\CodeIgniter->run()
10 SYSTEMPATH\Commands\Server\rewrite.php(47): require_once('D:\\xampp\\htdocs\\your-price-cab-backend\\ycab\\ylocab4\\public\\index.php')
ERROR - 2023-04-26 13:44:21 --> mysqli_sql_exception: Not unique table/alias: 'ypc_vehiclebrand_master' in D:\xampp\htdocs\your-price-cab-backend\ycab\ylocab4\system\Database\MySQLi\Connection.php:295
Stack trace:
#0 D:\xampp\htdocs\your-price-cab-backend\ycab\ylocab4\system\Database\MySQLi\Connection.php(295): mysqli->query('SELECT `ypc_veh...', 0)
#1 D:\xampp\htdocs\your-price-cab-backend\ycab\ylocab4\system\Database\BaseConnection.php(691): CodeIgniter\Database\MySQLi\Connection->execute('SELECT `ypc_veh...')
#2 D:\xampp\htdocs\your-price-cab-backend\ycab\ylocab4\system\Database\BaseConnection.php(605): CodeIgniter\Database\BaseConnection->simpleQuery('SELECT `ypc_veh...')
#3 D:\xampp\htdocs\your-price-cab-backend\ycab\ylocab4\system\Database\BaseBuilder.php(1616): CodeIgniter\Database\BaseConnection->query('SELECT `ypc_veh...', Array, false)
#4 D:\xampp\htdocs\your-price-cab-backend\ycab\ylocab4\app\Controllers\DriverAuthController.php(950): CodeIgniter\Database\BaseBuilder->get()
#5 D:\xampp\htdocs\your-price-cab-backend\ycab\ylocab4\system\CodeIgniter.php(934): App\Controllers\DriverAuthController->getAllVehicleModel('2')
#6 D:\xampp\htdocs\your-price-cab-backend\ycab\ylocab4\system\CodeIgniter.php(499): CodeIgniter\CodeIgniter->runController(Object(App\Controllers\DriverAuthController))
#7 D:\xampp\htdocs\your-price-cab-backend\ycab\ylocab4\system\CodeIgniter.php(368): CodeIgniter\CodeIgniter->handleRequest(NULL, Object(Config\Cache), false)
#8 D:\xampp\htdocs\your-price-cab-backend\ycab\ylocab4\public\index.php(67): CodeIgniter\CodeIgniter->run()
#9 D:\xampp\htdocs\your-price-cab-backend\ycab\ylocab4\system\Commands\Server\rewrite.php(47): require_once('D:\\xampp\\htdocs...')
#10 {main}
CRITICAL - 2023-04-26 13:44:21 --> Not unique table/alias: 'ypc_vehiclebrand_master'
in SYSTEMPATH\Database\MySQLi\Connection.php on line 295.
 1 SYSTEMPATH\Database\MySQLi\Connection.php(295): mysqli->query('SELECT `ypc_vehiclebrand_master`.`id` as `vmid`
FROM `ypc_vehiclebrand_master`
JOIN `ypc_vehiclebrand_master` ON `ypc_vehiclebrand_master`.`id` = `ypc_vehiclemodel_master`.`branc_id`', 0)
 2 SYSTEMPATH\Database\BaseConnection.php(691): CodeIgniter\Database\MySQLi\Connection->execute('SELECT `ypc_vehiclebrand_master`.`id` as `vmid`
FROM `ypc_vehiclebrand_master`
JOIN `ypc_vehiclebrand_master` ON `ypc_vehiclebrand_master`.`id` = `ypc_vehiclemodel_master`.`branc_id`')
 3 SYSTEMPATH\Database\BaseConnection.php(605): CodeIgniter\Database\BaseConnection->simpleQuery('SELECT `ypc_vehiclebrand_master`.`id` as `vmid`
FROM `ypc_vehiclebrand_master`
JOIN `ypc_vehiclebrand_master` ON `ypc_vehiclebrand_master`.`id` = `ypc_vehiclemodel_master`.`branc_id`')
 4 SYSTEMPATH\Database\BaseBuilder.php(1616): CodeIgniter\Database\BaseConnection->query('SELECT `ypc_vehiclebrand_master`.`id` as `vmid`
FROM `ypc_vehiclebrand_master`
JOIN `ypc_vehiclebrand_master` ON `ypc_vehiclebrand_master`.`id` = `ypc_vehiclemodel_master`.`branc_id`', [], false)
 5 APPPATH\Controllers\DriverAuthController.php(950): CodeIgniter\Database\BaseBuilder->get()
 6 SYSTEMPATH\CodeIgniter.php(934): App\Controllers\DriverAuthController->getAllVehicleModel('2')
 7 SYSTEMPATH\CodeIgniter.php(499): CodeIgniter\CodeIgniter->runController(Object(App\Controllers\DriverAuthController))
 8 SYSTEMPATH\CodeIgniter.php(368): CodeIgniter\CodeIgniter->handleRequest(null, Object(Config\Cache), false)
 9 FCPATH\index.php(67): CodeIgniter\CodeIgniter->run()
10 SYSTEMPATH\Commands\Server\rewrite.php(47): require_once('D:\\xampp\\htdocs\\your-price-cab-backend\\ycab\\ylocab4\\public\\index.php')
CRITICAL - 2023-04-26 13:46:51 --> Call to undefined method CodeIgniter\Database\MySQLi\Builder::findAll()
in APPPATH\Controllers\DriverAuthController.php on line 951.
 1 SYSTEMPATH\CodeIgniter.php(934): App\Controllers\DriverAuthController->getAllVehicleModel('2')
 2 SYSTEMPATH\CodeIgniter.php(499): CodeIgniter\CodeIgniter->runController(Object(App\Controllers\DriverAuthController))
 3 SYSTEMPATH\CodeIgniter.php(368): CodeIgniter\CodeIgniter->handleRequest(null, Object(Config\Cache), false)
 4 FCPATH\index.php(67): CodeIgniter\CodeIgniter->run()
 5 SYSTEMPATH\Commands\Server\rewrite.php(47): require_once('D:\\xampp\\htdocs\\your-price-cab-backend\\ycab\\ylocab4\\public\\index.php')
CRITICAL - 2023-04-26 13:47:13 --> Call to undefined method CodeIgniter\Database\MySQLi\Result::toArray()
in APPPATH\Controllers\DriverAuthController.php on line 951.
 1 SYSTEMPATH\CodeIgniter.php(934): App\Controllers\DriverAuthController->getAllVehicleModel('2')
 2 SYSTEMPATH\CodeIgniter.php(499): CodeIgniter\CodeIgniter->runController(Object(App\Controllers\DriverAuthController))
 3 SYSTEMPATH\CodeIgniter.php(368): CodeIgniter\CodeIgniter->handleRequest(null, Object(Config\Cache), false)
 4 FCPATH\index.php(67): CodeIgniter\CodeIgniter->run()
 5 SYSTEMPATH\Commands\Server\rewrite.php(47): require_once('D:\\xampp\\htdocs\\your-price-cab-backend\\ycab\\ylocab4\\public\\index.php')
CRITICAL - 2023-04-26 13:47:14 --> Call to undefined method CodeIgniter\Database\MySQLi\Result::toArray()
in APPPATH\Controllers\DriverAuthController.php on line 951.
 1 SYSTEMPATH\CodeIgniter.php(934): App\Controllers\DriverAuthController->getAllVehicleModel('2')
 2 SYSTEMPATH\CodeIgniter.php(499): CodeIgniter\CodeIgniter->runController(Object(App\Controllers\DriverAuthController))
 3 SYSTEMPATH\CodeIgniter.php(368): CodeIgniter\CodeIgniter->handleRequest(null, Object(Config\Cache), false)
 4 FCPATH\index.php(67): CodeIgniter\CodeIgniter->run()
 5 SYSTEMPATH\Commands\Server\rewrite.php(47): require_once('D:\\xampp\\htdocs\\your-price-cab-backend\\ycab\\ylocab4\\public\\index.php')
ERROR - 2023-04-26 14:04:43 --> mysqli_sql_exception: Table 'ypc_vehiclemodel_master.id' doesn't exist in D:\xampp\htdocs\your-price-cab-backend\ycab\ylocab4\system\Database\MySQLi\Connection.php:295
Stack trace:
#0 D:\xampp\htdocs\your-price-cab-backend\ycab\ylocab4\system\Database\MySQLi\Connection.php(295): mysqli->query('SELECT `ypc_veh...', 0)
#1 D:\xampp\htdocs\your-price-cab-backend\ycab\ylocab4\system\Database\BaseConnection.php(691): CodeIgniter\Database\MySQLi\Connection->execute('SELECT `ypc_veh...')
#2 D:\xampp\htdocs\your-price-cab-backend\ycab\ylocab4\system\Database\BaseConnection.php(605): CodeIgniter\Database\BaseConnection->simpleQuery('SELECT `ypc_veh...')
#3 D:\xampp\htdocs\your-price-cab-backend\ycab\ylocab4\system\Database\BaseBuilder.php(1616): CodeIgniter\Database\BaseConnection->query('SELECT `ypc_veh...', Array, false)
#4 D:\xampp\htdocs\your-price-cab-backend\ycab\ylocab4\app\Controllers\DriverAuthController.php(951): CodeIgniter\Database\BaseBuilder->get()
#5 D:\xampp\htdocs\your-price-cab-backend\ycab\ylocab4\system\CodeIgniter.php(934): App\Controllers\DriverAuthController->getAllVehicleModel('2')
#6 D:\xampp\htdocs\your-price-cab-backend\ycab\ylocab4\system\CodeIgniter.php(499): CodeIgniter\CodeIgniter->runController(Object(App\Controllers\DriverAuthController))
#7 D:\xampp\htdocs\your-price-cab-backend\ycab\ylocab4\system\CodeIgniter.php(368): CodeIgniter\CodeIgniter->handleRequest(NULL, Object(Config\Cache), false)
#8 D:\xampp\htdocs\your-price-cab-backend\ycab\ylocab4\public\index.php(67): CodeIgniter\CodeIgniter->run()
#9 D:\xampp\htdocs\your-price-cab-backend\ycab\ylocab4\system\Commands\Server\rewrite.php(47): require_once('D:\\xampp\\htdocs...')
#10 {main}
CRITICAL - 2023-04-26 14:04:43 --> Table 'ypc_vehiclemodel_master.id' doesn't exist
in SYSTEMPATH\Database\MySQLi\Connection.php on line 295.
 1 SYSTEMPATH\Database\MySQLi\Connection.php(295): mysqli->query('SELECT `ypc_vehiclebrand_master`.`id` as `vmid`
FROM (`ypc_vehiclebrand_master` as `vehiclebrandid`, `ypc_vehiclemodel_master`.`id` as `vehiclemodelid`, `ypc_vehiclemodel_master`.`status`)
JOIN `ypc_vehiclemodel_master` ON `ypc_vehiclebrand_master`.`id` = `ypc_vehiclemodel_master`.`brand_id`', 0)
 2 SYSTEMPATH\Database\BaseConnection.php(691): CodeIgniter\Database\MySQLi\Connection->execute('SELECT `ypc_vehiclebrand_master`.`id` as `vmid`
FROM (`ypc_vehiclebrand_master` as `vehiclebrandid`, `ypc_vehiclemodel_master`.`id` as `vehiclemodelid`, `ypc_vehiclemodel_master`.`status`)
JOIN `ypc_vehiclemodel_master` ON `ypc_vehiclebrand_master`.`id` = `ypc_vehiclemodel_master`.`brand_id`')
 3 SYSTEMPATH\Database\BaseConnection.php(605): CodeIgniter\Database\BaseConnection->simpleQuery('SELECT `ypc_vehiclebrand_master`.`id` as `vmid`
FROM (`ypc_vehiclebrand_master` as `vehiclebrandid`, `ypc_vehiclemodel_master`.`id` as `vehiclemodelid`, `ypc_vehiclemodel_master`.`status`)
JOIN `ypc_vehiclemodel_master` ON `ypc_vehiclebrand_master`.`id` = `ypc_vehiclemodel_master`.`brand_id`')
 4 SYSTEMPATH\Database\BaseBuilder.php(1616): CodeIgniter\Database\BaseConnection->query('SELECT `ypc_vehiclebrand_master`.`id` as `vmid`
FROM (`ypc_vehiclebrand_master` as `vehiclebrandid`, `ypc_vehiclemodel_master`.`id` as `vehiclemodelid`, `ypc_vehiclemodel_master`.`status`)
JOIN `ypc_vehiclemodel_master` ON `ypc_vehiclebrand_master`.`id` = `ypc_vehiclemodel_master`.`brand_id`', [], false)
 5 APPPATH\Controllers\DriverAuthController.php(951): CodeIgniter\Database\BaseBuilder->get()
 6 SYSTEMPATH\CodeIgniter.php(934): App\Controllers\DriverAuthController->getAllVehicleModel('2')
 7 SYSTEMPATH\CodeIgniter.php(499): CodeIgniter\CodeIgniter->runController(Object(App\Controllers\DriverAuthController))
 8 SYSTEMPATH\CodeIgniter.php(368): CodeIgniter\CodeIgniter->handleRequest(null, Object(Config\Cache), false)
 9 FCPATH\index.php(67): CodeIgniter\CodeIgniter->run()
10 SYSTEMPATH\Commands\Server\rewrite.php(47): require_once('D:\\xampp\\htdocs\\your-price-cab-backend\\ycab\\ylocab4\\public\\index.php')
ERROR - 2023-04-26 14:05:25 --> mysqli_sql_exception: Unknown column 'ypc_vehiclebrand_master.id' in 'field list' in D:\xampp\htdocs\your-price-cab-backend\ycab\ylocab4\system\Database\MySQLi\Connection.php:295
Stack trace:
#0 D:\xampp\htdocs\your-price-cab-backend\ycab\ylocab4\system\Database\MySQLi\Connection.php(295): mysqli->query('SELECT `ypc_veh...', 0)
#1 D:\xampp\htdocs\your-price-cab-backend\ycab\ylocab4\system\Database\BaseConnection.php(691): CodeIgniter\Database\MySQLi\Connection->execute('SELECT `ypc_veh...')
#2 D:\xampp\htdocs\your-price-cab-backend\ycab\ylocab4\system\Database\BaseConnection.php(605): CodeIgniter\Database\BaseConnection->simpleQuery('SELECT `ypc_veh...')
#3 D:\xampp\htdocs\your-price-cab-backend\ycab\ylocab4\system\Database\BaseBuilder.php(1616): CodeIgniter\Database\BaseConnection->query('SELECT `ypc_veh...', Array, false)
#4 D:\xampp\htdocs\your-price-cab-backend\ycab\ylocab4\app\Controllers\DriverAuthController.php(951): CodeIgniter\Database\BaseBuilder->get()
#5 D:\xampp\htdocs\your-price-cab-backend\ycab\ylocab4\system\CodeIgniter.php(934): App\Controllers\DriverAuthController->getAllVehicleModel('2')
#6 D:\xampp\htdocs\your-price-cab-backend\ycab\ylocab4\system\CodeIgniter.php(499): CodeIgniter\CodeIgniter->runController(Object(App\Controllers\DriverAuthController))
#7 D:\xampp\htdocs\your-price-cab-backend\ycab\ylocab4\system\CodeIgniter.php(368): CodeIgniter\CodeIgniter->handleRequest(NULL, Object(Config\Cache), false)
#8 D:\xampp\htdocs\your-price-cab-backend\ycab\ylocab4\public\index.php(67): CodeIgniter\CodeIgniter->run()
#9 D:\xampp\htdocs\your-price-cab-backend\ycab\ylocab4\system\Commands\Server\rewrite.php(47): require_once('D:\\xampp\\htdocs...')
#10 {main}
CRITICAL - 2023-04-26 14:05:25 --> Unknown column 'ypc_vehiclebrand_master.id' in 'field list'
in SYSTEMPATH\Database\MySQLi\Connection.php on line 295.
 1 SYSTEMPATH\Database\MySQLi\Connection.php(295): mysqli->query('SELECT `ypc_vehiclebrand_master`.`id` as `vmid`
FROM `ypc_vehiclebrand_master` as `vehiclebrandid`
JOIN `ypc_vehiclemodel_master` ON `ypc_vehiclebrand_master`.`id` = `ypc_vehiclemodel_master`.`brand_id`', 0)
 2 SYSTEMPATH\Database\BaseConnection.php(691): CodeIgniter\Database\MySQLi\Connection->execute('SELECT `ypc_vehiclebrand_master`.`id` as `vmid`
FROM `ypc_vehiclebrand_master` as `vehiclebrandid`
JOIN `ypc_vehiclemodel_master` ON `ypc_vehiclebrand_master`.`id` = `ypc_vehiclemodel_master`.`brand_id`')
 3 SYSTEMPATH\Database\BaseConnection.php(605): CodeIgniter\Database\BaseConnection->simpleQuery('SELECT `ypc_vehiclebrand_master`.`id` as `vmid`
FROM `ypc_vehiclebrand_master` as `vehiclebrandid`
JOIN `ypc_vehiclemodel_master` ON `ypc_vehiclebrand_master`.`id` = `ypc_vehiclemodel_master`.`brand_id`')
 4 SYSTEMPATH\Database\BaseBuilder.php(1616): CodeIgniter\Database\BaseConnection->query('SELECT `ypc_vehiclebrand_master`.`id` as `vmid`
FROM `ypc_vehiclebrand_master` as `vehiclebrandid`
JOIN `ypc_vehiclemodel_master` ON `ypc_vehiclebrand_master`.`id` = `ypc_vehiclemodel_master`.`brand_id`', [], false)
 5 APPPATH\Controllers\DriverAuthController.php(951): CodeIgniter\Database\BaseBuilder->get()
 6 SYSTEMPATH\CodeIgniter.php(934): App\Controllers\DriverAuthController->getAllVehicleModel('2')
 7 SYSTEMPATH\CodeIgniter.php(499): CodeIgniter\CodeIgniter->runController(Object(App\Controllers\DriverAuthController))
 8 SYSTEMPATH\CodeIgniter.php(368): CodeIgniter\CodeIgniter->handleRequest(null, Object(Config\Cache), false)
 9 FCPATH\index.php(67): CodeIgniter\CodeIgniter->run()
10 SYSTEMPATH\Commands\Server\rewrite.php(47): require_once('D:\\xampp\\htdocs\\your-price-cab-backend\\ycab\\ylocab4\\public\\index.php')
ERROR - 2023-04-26 14:06:01 --> mysqli_sql_exception: Table 'ypc_vehiclemodel_master.status' doesn't exist in D:\xampp\htdocs\your-price-cab-backend\ycab\ylocab4\system\Database\MySQLi\Connection.php:295
Stack trace:
#0 D:\xampp\htdocs\your-price-cab-backend\ycab\ylocab4\system\Database\MySQLi\Connection.php(295): mysqli->query('SELECT `ypc_veh...', 0)
#1 D:\xampp\htdocs\your-price-cab-backend\ycab\ylocab4\system\Database\BaseConnection.php(691): CodeIgniter\Database\MySQLi\Connection->execute('SELECT `ypc_veh...')
#2 D:\xampp\htdocs\your-price-cab-backend\ycab\ylocab4\system\Database\BaseConnection.php(605): CodeIgniter\Database\BaseConnection->simpleQuery('SELECT `ypc_veh...')
#3 D:\xampp\htdocs\your-price-cab-backend\ycab\ylocab4\system\Database\BaseBuilder.php(1616): CodeIgniter\Database\BaseConnection->query('SELECT `ypc_veh...', Array, false)
#4 D:\xampp\htdocs\your-price-cab-backend\ycab\ylocab4\app\Controllers\DriverAuthController.php(951): CodeIgniter\Database\BaseBuilder->get()
#5 D:\xampp\htdocs\your-price-cab-backend\ycab\ylocab4\system\CodeIgniter.php(934): App\Controllers\DriverAuthController->getAllVehicleModel('2')
#6 D:\xampp\htdocs\your-price-cab-backend\ycab\ylocab4\system\CodeIgniter.php(499): CodeIgniter\CodeIgniter->runController(Object(App\Controllers\DriverAuthController))
#7 D:\xampp\htdocs\your-price-cab-backend\ycab\ylocab4\system\CodeIgniter.php(368): CodeIgniter\CodeIgniter->handleRequest(NULL, Object(Config\Cache), false)
#8 D:\xampp\htdocs\your-price-cab-backend\ycab\ylocab4\public\index.php(67): CodeIgniter\CodeIgniter->run()
#9 D:\xampp\htdocs\your-price-cab-backend\ycab\ylocab4\system\Commands\Server\rewrite.php(47): require_once('D:\\xampp\\htdocs...')
#10 {main}
CRITICAL - 2023-04-26 14:06:01 --> Table 'ypc_vehiclemodel_master.status' doesn't exist
in SYSTEMPATH\Database\MySQLi\Connection.php on line 295.
 1 SYSTEMPATH\Database\MySQLi\Connection.php(295): mysqli->query('SELECT `ypc_vehiclebrand_master`.`id` as `vmid`
FROM (`ypc_vehiclebrand_master` as `vehiclebrandid`, `ypc_vehiclemodel_master`.`status`)
JOIN `ypc_vehiclemodel_master` ON `ypc_vehiclebrand_master`.`id` = `ypc_vehiclemodel_master`.`brand_id`', 0)
 2 SYSTEMPATH\Database\BaseConnection.php(691): CodeIgniter\Database\MySQLi\Connection->execute('SELECT `ypc_vehiclebrand_master`.`id` as `vmid`
FROM (`ypc_vehiclebrand_master` as `vehiclebrandid`, `ypc_vehiclemodel_master`.`status`)
JOIN `ypc_vehiclemodel_master` ON `ypc_vehiclebrand_master`.`id` = `ypc_vehiclemodel_master`.`brand_id`')
 3 SYSTEMPATH\Database\BaseConnection.php(605): CodeIgniter\Database\BaseConnection->simpleQuery('SELECT `ypc_vehiclebrand_master`.`id` as `vmid`
FROM (`ypc_vehiclebrand_master` as `vehiclebrandid`, `ypc_vehiclemodel_master`.`status`)
JOIN `ypc_vehiclemodel_master` ON `ypc_vehiclebrand_master`.`id` = `ypc_vehiclemodel_master`.`brand_id`')
 4 SYSTEMPATH\Database\BaseBuilder.php(1616): CodeIgniter\Database\BaseConnection->query('SELECT `ypc_vehiclebrand_master`.`id` as `vmid`
FROM (`ypc_vehiclebrand_master` as `vehiclebrandid`, `ypc_vehiclemodel_master`.`status`)
JOIN `ypc_vehiclemodel_master` ON `ypc_vehiclebrand_master`.`id` = `ypc_vehiclemodel_master`.`brand_id`', [], false)
 5 APPPATH\Controllers\DriverAuthController.php(951): CodeIgniter\Database\BaseBuilder->get()
 6 SYSTEMPATH\CodeIgniter.php(934): App\Controllers\DriverAuthController->getAllVehicleModel('2')
 7 SYSTEMPATH\CodeIgniter.php(499): CodeIgniter\CodeIgniter->runController(Object(App\Controllers\DriverAuthController))
 8 SYSTEMPATH\CodeIgniter.php(368): CodeIgniter\CodeIgniter->handleRequest(null, Object(Config\Cache), false)
 9 FCPATH\index.php(67): CodeIgniter\CodeIgniter->run()
10 SYSTEMPATH\Commands\Server\rewrite.php(47): require_once('D:\\xampp\\htdocs\\your-price-cab-backend\\ycab\\ylocab4\\public\\index.php')
ERROR - 2023-04-26 14:06:16 --> mysqli_sql_exception: Table 'ypc_vehiclemodel_master.status' doesn't exist in D:\xampp\htdocs\your-price-cab-backend\ycab\ylocab4\system\Database\MySQLi\Connection.php:295
Stack trace:
#0 D:\xampp\htdocs\your-price-cab-backend\ycab\ylocab4\system\Database\MySQLi\Connection.php(295): mysqli->query('SELECT `ypc_veh...', 0)
#1 D:\xampp\htdocs\your-price-cab-backend\ycab\ylocab4\system\Database\BaseConnection.php(691): CodeIgniter\Database\MySQLi\Connection->execute('SELECT `ypc_veh...')
#2 D:\xampp\htdocs\your-price-cab-backend\ycab\ylocab4\system\Database\BaseConnection.php(605): CodeIgniter\Database\BaseConnection->simpleQuery('SELECT `ypc_veh...')
#3 D:\xampp\htdocs\your-price-cab-backend\ycab\ylocab4\system\Database\BaseBuilder.php(1616): CodeIgniter\Database\BaseConnection->query('SELECT `ypc_veh...', Array, false)
#4 D:\xampp\htdocs\your-price-cab-backend\ycab\ylocab4\app\Controllers\DriverAuthController.php(951): CodeIgniter\Database\BaseBuilder->get()
#5 D:\xampp\htdocs\your-price-cab-backend\ycab\ylocab4\system\CodeIgniter.php(934): App\Controllers\DriverAuthController->getAllVehicleModel('2')
#6 D:\xampp\htdocs\your-price-cab-backend\ycab\ylocab4\system\CodeIgniter.php(499): CodeIgniter\CodeIgniter->runController(Object(App\Controllers\DriverAuthController))
#7 D:\xampp\htdocs\your-price-cab-backend\ycab\ylocab4\system\CodeIgniter.php(368): CodeIgniter\CodeIgniter->handleRequest(NULL, Object(Config\Cache), false)
#8 D:\xampp\htdocs\your-price-cab-backend\ycab\ylocab4\public\index.php(67): CodeIgniter\CodeIgniter->run()
#9 D:\xampp\htdocs\your-price-cab-backend\ycab\ylocab4\system\Commands\Server\rewrite.php(47): require_once('D:\\xampp\\htdocs...')
#10 {main}
CRITICAL - 2023-04-26 14:06:16 --> Table 'ypc_vehiclemodel_master.status' doesn't exist
in SYSTEMPATH\Database\MySQLi\Connection.php on line 295.
 1 SYSTEMPATH\Database\MySQLi\Connection.php(295): mysqli->query('SELECT `ypc_vehiclebrand_master`.`id` as `vmid`
FROM (`ypc_vehiclebrand_master` as `vehiclebrandid`, `ypc_vehiclemodel_master`.`status` as `vmstatus`)
JOIN `ypc_vehiclemodel_master` ON `ypc_vehiclebrand_master`.`id` = `ypc_vehiclemodel_master`.`brand_id`', 0)
 2 SYSTEMPATH\Database\BaseConnection.php(691): CodeIgniter\Database\MySQLi\Connection->execute('SELECT `ypc_vehiclebrand_master`.`id` as `vmid`
FROM (`ypc_vehiclebrand_master` as `vehiclebrandid`, `ypc_vehiclemodel_master`.`status` as `vmstatus`)
JOIN `ypc_vehiclemodel_master` ON `ypc_vehiclebrand_master`.`id` = `ypc_vehiclemodel_master`.`brand_id`')
 3 SYSTEMPATH\Database\BaseConnection.php(605): CodeIgniter\Database\BaseConnection->simpleQuery('SELECT `ypc_vehiclebrand_master`.`id` as `vmid`
FROM (`ypc_vehiclebrand_master` as `vehiclebrandid`, `ypc_vehiclemodel_master`.`status` as `vmstatus`)
JOIN `ypc_vehiclemodel_master` ON `ypc_vehiclebrand_master`.`id` = `ypc_vehiclemodel_master`.`brand_id`')
 4 SYSTEMPATH\Database\BaseBuilder.php(1616): CodeIgniter\Database\BaseConnection->query('SELECT `ypc_vehiclebrand_master`.`id` as `vmid`
FROM (`ypc_vehiclebrand_master` as `vehiclebrandid`, `ypc_vehiclemodel_master`.`status` as `vmstatus`)
JOIN `ypc_vehiclemodel_master` ON `ypc_vehiclebrand_master`.`id` = `ypc_vehiclemodel_master`.`brand_id`', [], false)
 5 APPPATH\Controllers\DriverAuthController.php(951): CodeIgniter\Database\BaseBuilder->get()
 6 SYSTEMPATH\CodeIgniter.php(934): App\Controllers\DriverAuthController->getAllVehicleModel('2')
 7 SYSTEMPATH\CodeIgniter.php(499): CodeIgniter\CodeIgniter->runController(Object(App\Controllers\DriverAuthController))
 8 SYSTEMPATH\CodeIgniter.php(368): CodeIgniter\CodeIgniter->handleRequest(null, Object(Config\Cache), false)
 9 FCPATH\index.php(67): CodeIgniter\CodeIgniter->run()
10 SYSTEMPATH\Commands\Server\rewrite.php(47): require_once('D:\\xampp\\htdocs\\your-price-cab-backend\\ycab\\ylocab4\\public\\index.php')
ERROR - 2023-04-26 14:06:30 --> mysqli_sql_exception: Unknown column 'ypc_vehiclebrand_master.id' in 'field list' in D:\xampp\htdocs\your-price-cab-backend\ycab\ylocab4\system\Database\MySQLi\Connection.php:295
Stack trace:
#0 D:\xampp\htdocs\your-price-cab-backend\ycab\ylocab4\system\Database\MySQLi\Connection.php(295): mysqli->query('SELECT `ypc_veh...', 0)
#1 D:\xampp\htdocs\your-price-cab-backend\ycab\ylocab4\system\Database\BaseConnection.php(691): CodeIgniter\Database\MySQLi\Connection->execute('SELECT `ypc_veh...')
#2 D:\xampp\htdocs\your-price-cab-backend\ycab\ylocab4\system\Database\BaseConnection.php(605): CodeIgniter\Database\BaseConnection->simpleQuery('SELECT `ypc_veh...')
#3 D:\xampp\htdocs\your-price-cab-backend\ycab\ylocab4\system\Database\BaseBuilder.php(1616): CodeIgniter\Database\BaseConnection->query('SELECT `ypc_veh...', Array, false)
#4 D:\xampp\htdocs\your-price-cab-backend\ycab\ylocab4\app\Controllers\DriverAuthController.php(951): CodeIgniter\Database\BaseBuilder->get()
#5 D:\xampp\htdocs\your-price-cab-backend\ycab\ylocab4\system\CodeIgniter.php(934): App\Controllers\DriverAuthController->getAllVehicleModel('2')
#6 D:\xampp\htdocs\your-price-cab-backend\ycab\ylocab4\system\CodeIgniter.php(499): CodeIgniter\CodeIgniter->runController(Object(App\Controllers\DriverAuthController))
#7 D:\xampp\htdocs\your-price-cab-backend\ycab\ylocab4\system\CodeIgniter.php(368): CodeIgniter\CodeIgniter->handleRequest(NULL, Object(Config\Cache), false)
#8 D:\xampp\htdocs\your-price-cab-backend\ycab\ylocab4\public\index.php(67): CodeIgniter\CodeIgniter->run()
#9 D:\xampp\htdocs\your-price-cab-backend\ycab\ylocab4\system\Commands\Server\rewrite.php(47): require_once('D:\\xampp\\htdocs...')
#10 {main}
CRITICAL - 2023-04-26 14:06:30 --> Unknown column 'ypc_vehiclebrand_master.id' in 'field list'
in SYSTEMPATH\Database\MySQLi\Connection.php on line 295.
 1 SYSTEMPATH\Database\MySQLi\Connection.php(295): mysqli->query('SELECT `ypc_vehiclebrand_master`.`id` as `vmid`
FROM `ypc_vehiclebrand_master` as `vehiclebrandid`
JOIN `ypc_vehiclemodel_master` ON `ypc_vehiclebrand_master`.`id` = `ypc_vehiclemodel_master`.`brand_id`', 0)
 2 SYSTEMPATH\Database\BaseConnection.php(691): CodeIgniter\Database\MySQLi\Connection->execute('SELECT `ypc_vehiclebrand_master`.`id` as `vmid`
FROM `ypc_vehiclebrand_master` as `vehiclebrandid`
JOIN `ypc_vehiclemodel_master` ON `ypc_vehiclebrand_master`.`id` = `ypc_vehiclemodel_master`.`brand_id`')
 3 SYSTEMPATH\Database\BaseConnection.php(605): CodeIgniter\Database\BaseConnection->simpleQuery('SELECT `ypc_vehiclebrand_master`.`id` as `vmid`
FROM `ypc_vehiclebrand_master` as `vehiclebrandid`
JOIN `ypc_vehiclemodel_master` ON `ypc_vehiclebrand_master`.`id` = `ypc_vehiclemodel_master`.`brand_id`')
 4 SYSTEMPATH\Database\BaseBuilder.php(1616): CodeIgniter\Database\BaseConnection->query('SELECT `ypc_vehiclebrand_master`.`id` as `vmid`
FROM `ypc_vehiclebrand_master` as `vehiclebrandid`
JOIN `ypc_vehiclemodel_master` ON `ypc_vehiclebrand_master`.`id` = `ypc_vehiclemodel_master`.`brand_id`', [], false)
 5 APPPATH\Controllers\DriverAuthController.php(951): CodeIgniter\Database\BaseBuilder->get()
 6 SYSTEMPATH\CodeIgniter.php(934): App\Controllers\DriverAuthController->getAllVehicleModel('2')
 7 SYSTEMPATH\CodeIgniter.php(499): CodeIgniter\CodeIgniter->runController(Object(App\Controllers\DriverAuthController))
 8 SYSTEMPATH\CodeIgniter.php(368): CodeIgniter\CodeIgniter->handleRequest(null, Object(Config\Cache), false)
 9 FCPATH\index.php(67): CodeIgniter\CodeIgniter->run()
10 SYSTEMPATH\Commands\Server\rewrite.php(47): require_once('D:\\xampp\\htdocs\\your-price-cab-backend\\ycab\\ylocab4\\public\\index.php')
